0 info it worked if it ends with ok
1 verbose cli [ '/usr/bin/node', '/usr/bin/npm', 'install', 'bcrypt', '-g' ]
2 info using npm@1.4.9
3 info using node@v0.10.28
4 verbose node symlink /usr/bin/node
5 verbose cache add [ 'bcrypt', null ]
6 verbose cache add name=undefined spec="bcrypt" args=["bcrypt",null]
7 verbose parsed url { protocol: null,
7 verbose parsed url   slashes: null,
7 verbose parsed url   auth: null,
7 verbose parsed url   host: null,
7 verbose parsed url   port: null,
7 verbose parsed url   hostname: null,
7 verbose parsed url   hash: null,
7 verbose parsed url   search: null,
7 verbose parsed url   query: null,
7 verbose parsed url   pathname: 'bcrypt',
7 verbose parsed url   path: 'bcrypt',
7 verbose parsed url   href: 'bcrypt' }
8 silly lockFile 51684124-bcrypt bcrypt
9 verbose lock bcrypt /root/.npm/51684124-bcrypt.lock
10 silly lockFile 51684124-bcrypt bcrypt
11 silly lockFile 51684124-bcrypt bcrypt
12 verbose addNamed [ 'bcrypt', '' ]
13 verbose addNamed [ null, '*' ]
14 silly lockFile 1351601c-bcrypt bcrypt@
15 verbose lock bcrypt@ /root/.npm/1351601c-bcrypt.lock
16 silly addNameRange { name: 'bcrypt', range: '*', hasData: false }
17 verbose url raw bcrypt
18 verbose url resolving [ 'https://registry.npmjs.org/', './bcrypt' ]
19 verbose url resolved https://registry.npmjs.org/bcrypt
20 info trying registry request attempt 1 at 20:33:58
21 http GET https://registry.npmjs.org/bcrypt
22 http 200 https://registry.npmjs.org/bcrypt
23 silly registry.get cb [ 200,
23 silly registry.get   { date: 'Mon, 23 Jun 2014 23:33:59 GMT',
23 silly registry.get     server: 'CouchDB/1.5.0 (Erlang OTP/R16B03)',
23 silly registry.get     etag: '"F11U7MBEGFA3HXCITLFUNT4WJ"',
23 silly registry.get     'content-type': 'application/json',
23 silly registry.get     'cache-control': 'max-age=30',
23 silly registry.get     'content-length': '56326',
23 silly registry.get     'accept-ranges': 'bytes',
23 silly registry.get     via: '1.1 varnish',
23 silly registry.get     age: '57',
23 silly registry.get     'x-served-by': 'cache-iad2121-IAD',
23 silly registry.get     'x-cache': 'HIT',
23 silly registry.get     'x-cache-hits': '1',
23 silly registry.get     'x-timer': 'S1403566439.671427,VS0,VE7',
23 silly registry.get     vary: 'Accept',
23 silly registry.get     'keep-alive': 'timeout=10, max=50',
23 silly registry.get     connection: 'Keep-Alive' } ]
24 silly addNameRange number 2 { name: 'bcrypt', range: '*', hasData: true }
25 silly addNameRange versions [ 'bcrypt',
25 silly addNameRange   [ '0.1.2',
25 silly addNameRange     '0.2.0',
25 silly addNameRange     '0.2.1',
25 silly addNameRange     '0.1.3',
25 silly addNameRange     '0.2.2',
25 silly addNameRange     '0.2.3',
25 silly addNameRange     '0.2.4',
25 silly addNameRange     '0.3.0',
25 silly addNameRange     '0.3.1',
25 silly addNameRange     '0.3.2',
25 silly addNameRange     '0.4.0',
25 silly addNameRange     '0.4.1',
25 silly addNameRange     '0.5.0',
25 silly addNameRange     '0.6.0',
25 silly addNameRange     '0.7.0',
25 silly addNameRange     '0.7.1',
25 silly addNameRange     '0.7.2',
25 silly addNameRange     '0.7.3',
25 silly addNameRange     '0.7.4',
25 silly addNameRange     '0.7.5',
25 silly addNameRange     '0.7.6',
25 silly addNameRange     '0.7.7',
25 silly addNameRange     '0.7.8' ] ]
26 verbose addNamed [ 'bcrypt', '0.7.8' ]
27 verbose addNamed [ '0.7.8', '0.7.8' ]
28 silly lockFile 764f2767-bcrypt-0-7-8 bcrypt@0.7.8
29 verbose lock bcrypt@0.7.8 /root/.npm/764f2767-bcrypt-0-7-8.lock
30 silly lockFile 208e64c7-pmjs-org-bcrypt-bcrypt-0-7-8-tgz https://registry.npmjs.org/bcrypt/-/bcrypt-0.7.8.tgz
31 verbose lock https://registry.npmjs.org/bcrypt/-/bcrypt-0.7.8.tgz /root/.npm/208e64c7-pmjs-org-bcrypt-bcrypt-0-7-8-tgz.lock
32 verbose addRemoteTarball [ 'https://registry.npmjs.org/bcrypt/-/bcrypt-0.7.8.tgz',
32 verbose addRemoteTarball   '42c99aac202918e947b5bd086110184f62745e3e' ]
33 info retry fetch attempt 1 at 20:33:59
34 verbose fetch to= /root/tmp/npm-30416-y3xm_SyW/1403566439784-0.42775891860947013/tmp.tgz
35 http GET https://registry.npmjs.org/bcrypt/-/bcrypt-0.7.8.tgz
36 http 200 https://registry.npmjs.org/bcrypt/-/bcrypt-0.7.8.tgz
37 verbose tar unpack /root/tmp/npm-30416-y3xm_SyW/1403566439784-0.42775891860947013/tmp.tgz
38 silly lockFile e09f3f16-ar-root-npm-bcrypt-0-7-8-package tar:///root/.npm/bcrypt/0.7.8/package
39 verbose lock tar:///root/.npm/bcrypt/0.7.8/package /root/.npm/e09f3f16-ar-root-npm-bcrypt-0-7-8-package.lock
40 silly lockFile 996102b8-9784-0-42775891860947013-tmp-tgz tar:///root/tmp/npm-30416-y3xm_SyW/1403566439784-0.42775891860947013/tmp.tgz
41 verbose lock tar:///root/tmp/npm-30416-y3xm_SyW/1403566439784-0.42775891860947013/tmp.tgz /root/.npm/996102b8-9784-0-42775891860947013-tmp-tgz.lock
42 silly gunzTarPerm modes [ '755', '644' ]
43 silly gunzTarPerm extractEntry package.json
44 silly gunzTarPerm extractEntry .npmignore
45 silly gunzTarPerm extractEntry README.md
46 silly gunzTarPerm extractEntry LICENSE
47 silly gunzTarPerm extractEntry bcrypt.js
48 silly gunzTarPerm extractEntry Makefile
49 silly gunzTarPerm extractEntry .travis.yml
50 silly gunzTarPerm extractEntry binding.gyp
51 silly gunzTarPerm extractEntry examples/async_compare.js
52 silly gunzTarPerm extractEntry examples/forever_gen_salt.js
53 silly gunzTarPerm extractEntry CHANGELOG
54 silly gunzTarPerm extractEntry src/bcrypt.cc
55 silly gunzTarPerm extractEntry src/bcrypt_node.cc
56 silly gunzTarPerm extractEntry src/blowfish.cc
57 silly gunzTarPerm extractEntry src/node_blf.h
58 silly gunzTarPerm extractEntry test/async.js
59 silly gunzTarPerm extractEntry test/repetitions.js
60 silly gunzTarPerm extractEntry test/sync.js
61 silly lockFile e09f3f16-ar-root-npm-bcrypt-0-7-8-package tar:///root/.npm/bcrypt/0.7.8/package
62 silly lockFile e09f3f16-ar-root-npm-bcrypt-0-7-8-package tar:///root/.npm/bcrypt/0.7.8/package
63 silly lockFile 996102b8-9784-0-42775891860947013-tmp-tgz tar:///root/tmp/npm-30416-y3xm_SyW/1403566439784-0.42775891860947013/tmp.tgz
64 silly lockFile 996102b8-9784-0-42775891860947013-tmp-tgz tar:///root/tmp/npm-30416-y3xm_SyW/1403566439784-0.42775891860947013/tmp.tgz
65 silly lockFile 208e64c7-pmjs-org-bcrypt-bcrypt-0-7-8-tgz https://registry.npmjs.org/bcrypt/-/bcrypt-0.7.8.tgz
66 silly lockFile 208e64c7-pmjs-org-bcrypt-bcrypt-0-7-8-tgz https://registry.npmjs.org/bcrypt/-/bcrypt-0.7.8.tgz
67 silly lockFile 764f2767-bcrypt-0-7-8 bcrypt@0.7.8
68 silly lockFile 764f2767-bcrypt-0-7-8 bcrypt@0.7.8
69 silly lockFile 1351601c-bcrypt bcrypt@
70 silly lockFile 1351601c-bcrypt bcrypt@
71 silly resolved [ { name: 'bcrypt',
71 silly resolved     description: 'A bcrypt library for NodeJS.',
71 silly resolved     keywords:
71 silly resolved      [ 'bcrypt',
71 silly resolved        'password',
71 silly resolved        'auth',
71 silly resolved        'authentication',
71 silly resolved        'encryption',
71 silly resolved        'crypt',
71 silly resolved        'crypto' ],
71 silly resolved     main: './bcrypt',
71 silly resolved     version: '0.7.8',
71 silly resolved     author: { name: 'Nick Campbell', url: 'https://github.com/ncb000gt' },
71 silly resolved     engines: { node: '>= 0.6.0' },
71 silly resolved     repository:
71 silly resolved      { type: 'git',
71 silly resolved        url: 'https://github.com/ncb000gt/node.bcrypt.js.git' },
71 silly resolved     licenses: [ [Object] ],
71 silly resolved     bugs: { url: 'https://github.com/ncb000gt/node.bcrypt.js/issues' },
71 silly resolved     scripts:
71 silly resolved      { test: 'node-gyp configure build && nodeunit test',
71 silly resolved        install: 'node-gyp rebuild' },
71 silly resolved     dependencies: { bindings: '1.0.0' },
71 silly resolved     devDependencies: { nodeunit: '>=0.6.4' },
71 silly resolved     contributors:
71 silly resolved      [ [Object],
71 silly resolved        [Object],
71 silly resolved        [Object],
71 silly resolved        [Object],
71 silly resolved        [Object],
71 silly resolved        [Object],
71 silly resolved        [Object],
71 silly resolved        [Object],
71 silly resolved        [Object],
71 silly resolved        [Object],
71 silly resolved        [Object],
71 silly resolved        [Object],
71 silly resolved        [Object],
71 silly resolved        [Object] ],
71 silly resolved     gypfile: true,
71 silly resolved     readme: '# node.bcrypt.js\n\n[![Build Status](https://secure.travis-ci.org/ncb000gt/node.bcrypt.js.png)](http://travis-ci.org/#!/ncb000gt/node.bcrypt.js) \n\nLib to help you hash passwords.\n[bcrypt on wikipedia][bcryptwiki]\n\nCatalyst for this module: [How To Safely Store A Password][codahale]\n\n## If You Are Submitting Bugs/Issues\n\nFirst, make sure that the version of node you are using is a _stable_ version. You\'ll know this because it\'ll have an even major release number. We do not currently support unstable versions and while the module may happen to work on some unstable versions you\'ll find that we quickly close issues if you\'re not using a stable version.\n\nIf you are on a stable version of node, we can\'t magically know what you are doing to expose an issue, it is best if you provide a snippet of code or log files if you\'re having an install issue. This snippet need not include your secret sauce, but it must replicate the issue you are describing. The issues that get closed without resolution tend to be the ones that don\'t help us help you. Thanks.\n\n\n## Version Compatibility\n\n| Node Version | Bcrypt Version |\n| ---- | ---- |\n| <= 0.4.x | <= 0.4.x |\n| >= 0.6.x | >= 0.5.x |\n\nWindows users should make sure to have at least node 0.8.5 installed and version >= 0.7.1 of this module.  \n`node-gyp` only works with stable/released versions of node. Since the `bcrypt` module uses `node-gyp` to build and install you\'ll need a stable version of node to use bcrypt. If you do not you\'ll likely see an error that starts with:\n\n    gyp ERR! stack Error: "pre" versions of node cannot be installed, use the --nodedir flag instead\n\n\n\n## Security Issues/Concerns\n\nAs should be the case with any security tool, this library should be scrutinized by anyone using it. If you find or suspect an issue with the code- please bring it to my attention and I\'ll spend some time trying to make sure that this tool is as secure as possible.\n\nTo make it easier for people using this tool to analyze what has been surveyed, here is a list of BCrypt related security issues/concerns as they\'ve come up.\n\n* An [issue with passwords][jtr] was found with a version of the Blowfish algorithm developed for John the Ripper. This is not present in the OpenBSD version and is thus not a problem for this module. HT [zooko][zooko].\n\n## Dependencies\n\n* NodeJS\n* `node-gyp`\n * Please check the dependencies for this tool at: https://github.com/TooTallNate/node-gyp/\n  * Windows users will need the options for c# and c++ installed with their visual studio instance.\n  * Python 2.x\n\n## Install via NPM\n```\nnpm install bcrypt\n```\n\n***Note:*** OS X users using Xcode 4.3.1 or above may need to run the following command in their terminal prior to installing if errors occur regarding xcodebuild: ```sudo xcode-select -switch /Applications/Xcode.app/Contents/Developer```\n\n## Usage\n\n### async (recommended)\n\nTo hash a password:\n\n```javascript\nvar bcrypt = require(\'bcrypt\');\nbcrypt.genSalt(10, function(err, salt) {\n    bcrypt.hash("B4c0/\\/", salt, function(err, hash) {\n        // Store hash in your password DB.\n    });\n});\n```\n\nTo check a password:\n\n```javascript\n// Load hash from your password DB.\nbcrypt.compare("B4c0/\\/", hash, function(err, res) {\n    // res == true\n});\nbcrypt.compare("not_bacon", hash, function(err, res) {\n    // res = false\n});\n```\n\nAuto-gen a salt and hash:\n\n```javascript\nbcrypt.hash(\'bacon\', 8, function(err, hash) {\n});\n```\n\n\n### sync\n\nTo hash a password:\n\n```javascript\nvar bcrypt = require(\'bcrypt\');\nvar salt = bcrypt.genSaltSync(10);\nvar hash = bcrypt.hashSync("B4c0/\\/", salt);\n// Store hash in your password DB.\n```\n\nTo check a password:\n\n```javascript\n// Load hash from your password DB.\nbcrypt.compareSync("B4c0/\\/", hash); // true\nbcrypt.compareSync("not_bacon", hash); // false\n```\n\nAuto-gen a salt and hash:\n\n```javascript\nvar hash = bcrypt.hashSync(\'bacon\', 8);\n```\n\n## API\n\n`BCrypt.`\n\n  * `genSaltSync(rounds)`\n    * `rounds` - [OPTIONAL] - the number of rounds to process the data for. (default - 10)\n  * `genSalt(rounds, cb)`\n    * `rounds` - [OPTIONAL] - the number of rounds to process the data for. (default - 10)\n    * `cb` - [REQUIRED] - a callback to be fired once the salt has been generated. uses eio making it asynchronous.\n      * `err` - First parameter to the callback detailing any errors.\n      * `salt` - Second parameter to the callback providing the generated salt.\n  * `hashSync(data, salt)`\n    * `data` - [REQUIRED] - the data to be encrypted.\n    * `salt` - [REQUIRED] - the salt to be used in encryption.\n  * `hash(data, salt, cb)`\n    * `data` - [REQUIRED] - the data to be encrypted.\n    * `salt` - [REQUIRED] - the salt to be used to hash the password. if specified as a number then a salt will be generated and used (see examples).\n    * `cb` - [REQUIRED] - a callback to be fired once the data has been encrypted. uses eio making it asynchronous.\n      * `err` - First parameter to the callback detailing any errors.\n      * `encrypted` - Second parameter to the callback providing the encrypted form.\n  * `compareSync(data, encrypted)`\n    * `data` - [REQUIRED] - data to compare.\n    * `encrypted` - [REQUIRED] - data to be compared to.\n  * `compare(data, encrypted, cb)`\n    * `data` - [REQUIRED] - data to compare.\n    * `encrypted` - [REQUIRED] - data to be compared to.\n    * `cb` - [REQUIRED] - a callback to be fired once the data has been compared. uses eio making it asynchronous.\n      * `err` - First parameter to the callback detailing any errors.\n      * `same` - Second parameter to the callback providing whether the data and encrypted forms match [true | false].\n  * `getRounds(encrypted)` - return the number of rounds used to encrypt a given hash\n    * `encrypted` - [REQUIRED] - hash from which the number of rounds used should be extracted.\n\n\n## Hash Info\n\nThe characters that comprise the resultant hash are `./ABCDEFGHIJKLMNOPQRSTUVWXYZabcdefghijklmnopqrstuvwxyz0123456789$`.\n\n## Testing\n\nIf you create a pull request, tests better pass :)\n\n```\nnpm install\nnpm test\n```\n\n## Credits\n\nThe code for this comes from a few sources:\n\n* blowfish.cc - OpenBSD\n* bcrypt.cc - OpenBSD\n* bcrypt::gen_salt - [gen_salt inclusion to bcrypt][bcryptgs]\n* bcrypt_node.cc - me\n\n## Contributors\n\n* [Antonio Salazar Cardozo][shadowfiend] - Early MacOS X support (when we used libbsd)\n* [Ben Glow][pixelglow] - Fixes for thread safety with async calls\n* [Van Nguyen][thegoleffect] - Found a timing attack in the comparator\n* [NewITFarmer][newitfarmer] - Initial Cygwin support\n* [David Trejo][dtrejo] - packaging fixes\n* [Alfred Westerveld][alfredwesterveld] - packaging fixes\n* [Vincent Côté-Roy][vincentr] - Testing around concurrency issues\n* [Lloyd Hilaiel][lloyd] - Documentation fixes\n* [Roman Shtylman][shtylman] - Code refactoring, general rot reduction, compile options, better memory management with delete and new, and an upgrade to libuv over eio/ev.\n* [Vadim Graboys][vadimg] - Code changes to support 0.5.5+\n* [Ben Noordhuis][bnoordhuis] - Fixed a thread safety issue in nodejs that was perfectly mappable to this module.\n* [Nate Rajlich][tootallnate] - Bindings and build process.\n* [Sean McArthur][seanmonstar] - Windows Support\n* [Fanie Oosthuysen][weareu] - Windows Support\n\n## License\nUnless stated elsewhere, file headers or otherwise, the license as stated in the LICENSE file.\n\n[bcryptwiki]: http://en.wikipedia.org/wiki/Bcrypt\n[bcryptgs]: http://mail-index.netbsd.org/tech-crypto/2002/05/24/msg000204.html\n[codahale]: http://codahale.com/how-to-safely-store-a-password/\n[gh13]: https://github.com/ncb000gt/node.bcrypt.js/issues/13\n[jtr]: http://www.openwall.com/lists/oss-security/2011/06/20/2\n\n[shadowfiend]:https://github.com/Shadowfiend\n[thegoleffect]:https://github.com/thegoleffect\n[pixelglow]:https://github.com/pixelglow\n[dtrejo]:https://github.com/dtrejo\n[alfredwesterveld]:https://github.com/alfredwesterveld\n[newitfarmer]:https://github.com/newitfarmer\n[zooko]:https://twitter.com/zooko\n[vincentr]:https://twitter.com/vincentcr\n[lloyd]:https://github.com/lloyd\n[shtylman]:https://github.com/shtylman\n[vadimg]:https://github.com/vadimg\n[bnoordhuis]:https://github.com/bnoordhuis\n[tootallnate]:https://github.com/tootallnate\n[seanmonstar]:https://github.com/seanmonstar\n[weareu]:https://github.com/weareu\n',
71 silly resolved     readmeFilename: 'README.md',
71 silly resolved     homepage: 'https://github.com/ncb000gt/node.bcrypt.js',
71 silly resolved     _id: 'bcrypt@0.7.8',
71 silly resolved     _shasum: '42c99aac202918e947b5bd086110184f62745e3e',
71 silly resolved     _from: 'bcrypt@',
71 silly resolved     _resolved: 'https://registry.npmjs.org/bcrypt/-/bcrypt-0.7.8.tgz' } ]
72 info install bcrypt@0.7.8 into /usr/lib
73 info installOne bcrypt@0.7.8
74 info /usr/lib/node_modules/bcrypt unbuild
75 verbose tar unpack /root/.npm/bcrypt/0.7.8/package.tgz
76 silly lockFile 100d90d1-tar-usr-lib-node-modules-bcrypt tar:///usr/lib/node_modules/bcrypt
77 verbose lock tar:///usr/lib/node_modules/bcrypt /root/.npm/100d90d1-tar-usr-lib-node-modules-bcrypt.lock
78 silly lockFile dd0b38e2-oot-npm-bcrypt-0-7-8-package-tgz tar:///root/.npm/bcrypt/0.7.8/package.tgz
79 verbose lock tar:///root/.npm/bcrypt/0.7.8/package.tgz /root/.npm/dd0b38e2-oot-npm-bcrypt-0-7-8-package-tgz.lock
80 silly gunzTarPerm modes [ '755', '644' ]
81 silly gunzTarPerm extractEntry package.json
82 silly gunzTarPerm extractEntry .npmignore
83 silly gunzTarPerm extractEntry README.md
84 silly gunzTarPerm extractEntry LICENSE
85 silly gunzTarPerm extractEntry bcrypt.js
86 silly gunzTarPerm extractEntry Makefile
87 silly gunzTarPerm extractEntry .travis.yml
88 silly gunzTarPerm extractEntry binding.gyp
89 silly gunzTarPerm extractEntry examples/async_compare.js
90 silly gunzTarPerm extractEntry examples/forever_gen_salt.js
91 silly gunzTarPerm extractEntry CHANGELOG
92 silly gunzTarPerm extractEntry src/bcrypt.cc
93 silly gunzTarPerm extractEntry src/bcrypt_node.cc
94 silly gunzTarPerm extractEntry src/blowfish.cc
95 silly gunzTarPerm extractEntry src/node_blf.h
96 silly gunzTarPerm extractEntry test/async.js
97 silly gunzTarPerm extractEntry test/repetitions.js
98 silly gunzTarPerm extractEntry test/sync.js
99 silly lockFile 100d90d1-tar-usr-lib-node-modules-bcrypt tar:///usr/lib/node_modules/bcrypt
100 silly lockFile 100d90d1-tar-usr-lib-node-modules-bcrypt tar:///usr/lib/node_modules/bcrypt
101 silly lockFile dd0b38e2-oot-npm-bcrypt-0-7-8-package-tgz tar:///root/.npm/bcrypt/0.7.8/package.tgz
102 silly lockFile dd0b38e2-oot-npm-bcrypt-0-7-8-package-tgz tar:///root/.npm/bcrypt/0.7.8/package.tgz
103 info preinstall bcrypt@0.7.8
104 verbose readDependencies using package.json deps
105 verbose readDependencies using package.json deps
106 verbose cache add [ 'bindings@1.0.0', null ]
107 verbose cache add name=undefined spec="bindings@1.0.0" args=["bindings@1.0.0",null]
108 verbose parsed url { protocol: null,
108 verbose parsed url   slashes: null,
108 verbose parsed url   auth: null,
108 verbose parsed url   host: null,
108 verbose parsed url   port: null,
108 verbose parsed url   hostname: null,
108 verbose parsed url   hash: null,
108 verbose parsed url   search: null,
108 verbose parsed url   query: null,
108 verbose parsed url   pathname: 'bindings@1.0.0',
108 verbose parsed url   path: 'bindings@1.0.0',
108 verbose parsed url   href: 'bindings@1.0.0' }
109 verbose cache add name="bindings" spec="1.0.0" args=["bindings","1.0.0"]
110 verbose parsed url { protocol: null,
110 verbose parsed url   slashes: null,
110 verbose parsed url   auth: null,
110 verbose parsed url   host: null,
110 verbose parsed url   port: null,
110 verbose parsed url   hostname: null,
110 verbose parsed url   hash: null,
110 verbose parsed url   search: null,
110 verbose parsed url   query: null,
110 verbose parsed url   pathname: '1.0.0',
110 verbose parsed url   path: '1.0.0',
110 verbose parsed url   href: '1.0.0' }
111 verbose addNamed [ 'bindings', '1.0.0' ]
112 verbose addNamed [ '1.0.0', '1.0.0' ]
113 silly lockFile f01e5454-bindings-1-0-0 bindings@1.0.0
114 verbose lock bindings@1.0.0 /root/.npm/f01e5454-bindings-1-0-0.lock
115 verbose url raw bindings
116 verbose url resolving [ 'https://registry.npmjs.org/', './bindings' ]
117 verbose url resolved https://registry.npmjs.org/bindings
118 info trying registry request attempt 1 at 20:34:01
119 http GET https://registry.npmjs.org/bindings
120 http 200 https://registry.npmjs.org/bindings
121 silly registry.get cb [ 200,
121 silly registry.get   { date: 'Mon, 23 Jun 2014 23:34:02 GMT',
121 silly registry.get     server: 'CouchDB/1.5.0 (Erlang OTP/R14B04)',
121 silly registry.get     etag: '"EF0U3ERBDZ107WR2K8OB2X3WQ"',
121 silly registry.get     'content-type': 'application/json',
121 silly registry.get     'cache-control': 'max-age=30',
121 silly registry.get     'content-length': '17199',
121 silly registry.get     'accept-ranges': 'bytes',
121 silly registry.get     via: '1.1 varnish',
121 silly registry.get     age: '280',
121 silly registry.get     'x-served-by': 'cache-jfk1030-JFK',
121 silly registry.get     'x-cache': 'HIT',
121 silly registry.get     'x-cache-hits': '2',
121 silly registry.get     'x-timer': 'S1403566442.099886,VS0,VE0',
121 silly registry.get     vary: 'Accept',
121 silly registry.get     'keep-alive': 'timeout=10, max=50',
121 silly registry.get     connection: 'Keep-Alive' } ]
122 silly lockFile ccf0f56a--org-bindings-bindings-1-0-0-tgz https://registry.npmjs.org/bindings/-/bindings-1.0.0.tgz
123 verbose lock https://registry.npmjs.org/bindings/-/bindings-1.0.0.tgz /root/.npm/ccf0f56a--org-bindings-bindings-1-0-0-tgz.lock
124 verbose addRemoteTarball [ 'https://registry.npmjs.org/bindings/-/bindings-1.0.0.tgz',
124 verbose addRemoteTarball   'c3ccde60e9de6807c6f1aa4ef4843af29191c828' ]
125 info retry fetch attempt 1 at 20:34:02
126 verbose fetch to= /root/tmp/npm-30416-y3xm_SyW/1403566442459-0.13630600413307548/tmp.tgz
127 http GET https://registry.npmjs.org/bindings/-/bindings-1.0.0.tgz
128 http 200 https://registry.npmjs.org/bindings/-/bindings-1.0.0.tgz
129 verbose tar unpack /root/tmp/npm-30416-y3xm_SyW/1403566442459-0.13630600413307548/tmp.tgz
130 silly lockFile c0887f8d--root-npm-bindings-1-0-0-package tar:///root/.npm/bindings/1.0.0/package
131 verbose lock tar:///root/.npm/bindings/1.0.0/package /root/.npm/c0887f8d--root-npm-bindings-1-0-0-package.lock
132 silly lockFile 977307aa-2459-0-13630600413307548-tmp-tgz tar:///root/tmp/npm-30416-y3xm_SyW/1403566442459-0.13630600413307548/tmp.tgz
133 verbose lock tar:///root/tmp/npm-30416-y3xm_SyW/1403566442459-0.13630600413307548/tmp.tgz /root/.npm/977307aa-2459-0-13630600413307548-tmp-tgz.lock
134 silly gunzTarPerm modes [ '755', '644' ]
135 silly gunzTarPerm extractEntry package.json
136 silly gunzTarPerm extractEntry README.md
137 silly gunzTarPerm extractEntry bindings.js
138 silly lockFile c0887f8d--root-npm-bindings-1-0-0-package tar:///root/.npm/bindings/1.0.0/package
139 silly lockFile c0887f8d--root-npm-bindings-1-0-0-package tar:///root/.npm/bindings/1.0.0/package
140 silly lockFile 977307aa-2459-0-13630600413307548-tmp-tgz tar:///root/tmp/npm-30416-y3xm_SyW/1403566442459-0.13630600413307548/tmp.tgz
141 silly lockFile 977307aa-2459-0-13630600413307548-tmp-tgz tar:///root/tmp/npm-30416-y3xm_SyW/1403566442459-0.13630600413307548/tmp.tgz
142 silly lockFile ccf0f56a--org-bindings-bindings-1-0-0-tgz https://registry.npmjs.org/bindings/-/bindings-1.0.0.tgz
143 silly lockFile ccf0f56a--org-bindings-bindings-1-0-0-tgz https://registry.npmjs.org/bindings/-/bindings-1.0.0.tgz
144 silly lockFile f01e5454-bindings-1-0-0 bindings@1.0.0
145 silly lockFile f01e5454-bindings-1-0-0 bindings@1.0.0
146 silly resolved [ { name: 'bindings',
146 silly resolved     description: 'Helper module for loading your native module\'s .node file',
146 silly resolved     keywords: [ 'native', 'addon', 'bindings', 'gyp', 'waf', 'c', 'c++' ],
146 silly resolved     version: '1.0.0',
146 silly resolved     author:
146 silly resolved      { name: 'Nathan Rajlich',
146 silly resolved        email: 'nathan@tootallnate.net',
146 silly resolved        url: 'http://tootallnate.net' },
146 silly resolved     repository:
146 silly resolved      { type: 'git',
146 silly resolved        url: 'git://github.com/TooTallNate/node-bindings.git' },
146 silly resolved     main: './bindings.js',
146 silly resolved     readme: 'node-bindings\n=============\n### Helper module for loading your native module\'s .node file\n\nThis is a helper module for authors of Node.js native addon modules.\nIt is basically the "swiss army knife" of `require()`ing your native module\'s\n`.node` file.\n\nThroughout the course of Node\'s native addon history, addons have ended up being\ncompiled in a variety of different places, depending on which build tool and which\nversion of node was used. To make matters worse, now the _gyp_ build tool can\nproduce either a _Release_ or _Debug_ build, each being built into different\nlocations.\n\nThis module checks _all_ the possible locations that a native addon would be built\nat, and returns the first one that loads successfully.\n\n\nInstallation\n------------\n\nInstall with `npm`:\n\n``` bash\n$ npm install bindings\n```\n\nOr add it to the `"dependencies"` section of your _package.json_ file.\n\n\nExample\n-------\n\n`require()`ing the proper bindings file for the current node version, platform\nand architecture is as simple as:\n\n``` js\nvar bindings = require(\'bindings\')(\'binding.node\')\n\n// Use your bindings defined in your C files\nbindings.your_c_function()\n```\n\n\nNice Error Output\n-----------------\n\nWhen the `.node` file could not be loaded, `node-bindings` throws an Error with\na nice error message telling you exactly what was tried. You can also check the\n`err.tries` Array property.\n\n```\nError: Could not load the bindings file. Tried:\n → /Users/nrajlich/ref/build/binding.node\n → /Users/nrajlich/ref/build/Debug/binding.node\n → /Users/nrajlich/ref/build/Release/binding.node\n → /Users/nrajlich/ref/out/Debug/binding.node\n → /Users/nrajlich/ref/Debug/binding.node\n → /Users/nrajlich/ref/out/Release/binding.node\n → /Users/nrajlich/ref/Release/binding.node\n → /Users/nrajlich/ref/build/default/binding.node\n → /Users/nrajlich/ref/compiled/0.8.2/darwin/x64/binding.node\n    at bindings (/Users/nrajlich/ref/node_modules/bindings/bindings.js:84:13)\n    at Object.<anonymous> (/Users/nrajlich/ref/lib/ref.js:5:47)\n    at Module._compile (module.js:449:26)\n    at Object.Module._extensions..js (module.js:467:10)\n    at Module.load (module.js:356:32)\n    at Function.Module._load (module.js:312:12)\n    ...\n```\n\n\nLicense\n-------\n\n(The MIT License)\n\nCopyright (c) 2012 Nathan Rajlich &lt;nathan@tootallnate.net&gt;\n\nPermission is hereby granted, free of charge, to any person obtaining\na copy of this software and associated documentation files (the\n\'Software\'), to deal in the Software without restriction, including\nwithout limitation the rights to use, copy, modify, merge, publish,\ndistribute, sublicense, and/or sell copies of the Software, and to\npermit persons to whom the Software is furnished to do so, subject to\nthe following conditions:\n\nThe above copyright notice and this permission notice shall be\nincluded in all copies or substantial portions of the Software.\n\nTHE SOFTWARE IS PROVIDED \'AS IS\', WITHOUT WARRANTY OF ANY KIND,\nEXPRESS OR IMPLIED, INCLUDING BUT NOT LIMITED TO THE WARRANTIES OF\nMERCHANTABILITY, FITNESS FOR A PARTICULAR PURPOSE AND NONINFRINGEMENT.\nIN NO EVENT SHALL THE AUTHORS OR COPYRIGHT HOLDERS BE LIABLE FOR ANY\nCLAIM, DAMAGES OR OTHER LIABILITY, WHETHER IN AN ACTION OF CONTRACT,\nTORT OR OTHERWISE, ARISING FROM, OUT OF OR IN CONNECTION WITH THE\nSOFTWARE OR THE USE OR OTHER DEALINGS IN THE SOFTWARE.\n',
146 silly resolved     readmeFilename: 'README.md',
146 silly resolved     bugs: { url: 'https://github.com/TooTallNate/node-bindings/issues' },
146 silly resolved     homepage: 'https://github.com/TooTallNate/node-bindings',
146 silly resolved     _id: 'bindings@1.0.0',
146 silly resolved     _shasum: 'c3ccde60e9de6807c6f1aa4ef4843af29191c828',
146 silly resolved     _from: 'bindings@1.0.0',
146 silly resolved     _resolved: 'https://registry.npmjs.org/bindings/-/bindings-1.0.0.tgz' } ]
147 info install bindings@1.0.0 into /usr/lib/node_modules/bcrypt
148 info installOne bindings@1.0.0
149 info /usr/lib/node_modules/bcrypt/node_modules/bindings unbuild
150 verbose tar unpack /root/.npm/bindings/1.0.0/package.tgz
151 silly lockFile 1c630a43-les-bcrypt-node-modules-bindings tar:///usr/lib/node_modules/bcrypt/node_modules/bindings
152 verbose lock tar:///usr/lib/node_modules/bcrypt/node_modules/bindings /root/.npm/1c630a43-les-bcrypt-node-modules-bindings.lock
153 silly lockFile 3c5ca143-t-npm-bindings-1-0-0-package-tgz tar:///root/.npm/bindings/1.0.0/package.tgz
154 verbose lock tar:///root/.npm/bindings/1.0.0/package.tgz /root/.npm/3c5ca143-t-npm-bindings-1-0-0-package-tgz.lock
155 silly gunzTarPerm modes [ '755', '644' ]
156 silly gunzTarPerm extractEntry package.json
157 silly gunzTarPerm extractEntry README.md
158 silly gunzTarPerm extractEntry bindings.js
159 silly lockFile 1c630a43-les-bcrypt-node-modules-bindings tar:///usr/lib/node_modules/bcrypt/node_modules/bindings
160 silly lockFile 1c630a43-les-bcrypt-node-modules-bindings tar:///usr/lib/node_modules/bcrypt/node_modules/bindings
161 silly lockFile 3c5ca143-t-npm-bindings-1-0-0-package-tgz tar:///root/.npm/bindings/1.0.0/package.tgz
162 silly lockFile 3c5ca143-t-npm-bindings-1-0-0-package-tgz tar:///root/.npm/bindings/1.0.0/package.tgz
163 info preinstall bindings@1.0.0
164 verbose readDependencies using package.json deps
165 verbose readDependencies using package.json deps
166 silly resolved []
167 verbose about to build /usr/lib/node_modules/bcrypt/node_modules/bindings
168 info build /usr/lib/node_modules/bcrypt/node_modules/bindings
169 verbose linkStuff [ true,
169 verbose linkStuff   '/usr/lib/node_modules',
169 verbose linkStuff   false,
169 verbose linkStuff   '/usr/lib/node_modules/bcrypt/node_modules' ]
170 info linkStuff bindings@1.0.0
171 verbose linkBins bindings@1.0.0
172 verbose linkMans bindings@1.0.0
173 verbose rebuildBundles bindings@1.0.0
174 info install bindings@1.0.0
175 info postinstall bindings@1.0.0
176 verbose about to build /usr/lib/node_modules/bcrypt
177 info build /usr/lib/node_modules/bcrypt
178 verbose linkStuff [ true, '/usr/lib/node_modules', true, '/usr/lib/node_modules' ]
179 info linkStuff bcrypt@0.7.8
180 verbose linkBins bcrypt@0.7.8
181 verbose linkMans bcrypt@0.7.8
182 verbose rebuildBundles bcrypt@0.7.8
183 verbose rebuildBundles [ 'bindings' ]
184 info install bcrypt@0.7.8
185 verbose unsafe-perm in lifecycle false
186 info bcrypt@0.7.8 Failed to exec install script
187 info /usr/lib/node_modules/bcrypt unbuild
188 info preuninstall bcrypt@0.7.8
189 info uninstall bcrypt@0.7.8
190 verbose true,/usr/lib/node_modules,/usr/lib/node_modules unbuild bcrypt@0.7.8
191 info postuninstall bcrypt@0.7.8
192 error bcrypt@0.7.8 install: `node-gyp rebuild`
192 error Exit status 1
193 error Failed at the bcrypt@0.7.8 install script.
193 error This is most likely a problem with the bcrypt package,
193 error not with npm itself.
193 error Tell the author that this fails on your system:
193 error     node-gyp rebuild
193 error You can get their info via:
193 error     npm owner ls bcrypt
193 error There is likely additional logging output above.
194 error System Linux 3.2.0-51-generic
195 error command "/usr/bin/node" "/usr/bin/npm" "install" "bcrypt" "-g"
196 error cwd /var/www/moodle
197 error node -v v0.10.28
198 error npm -v 1.4.9
199 error code ELIFECYCLE
200 verbose exit [ 1, true ]
